2017-03-15 09:15:14.248	    7f8e0bbd3740	INFO 	global	contrib/epee/src/mlog.cpp:145	New log categories: *:WARNING,net:FATAL,net.p2p:FATAL,global:INFO,verify:FATAL,stacktrace:INFO
2017-03-15 09:15:14.249	    7f8e0bbd3740	INFO 	global	contrib/epee/src/mlog.cpp:153	New log categories: *:WARNING,net:FATAL,net.p2p:FATAL,global:INFO,verify:FATAL,stacktrace:INFO
2017-03-15 09:15:14.249	    7f8e0bbd3740	INFO 	global	src/daemon/main.cpp:282	Monero 'Wolfram Warptangent' (v0.10.2.1-release)
2017-03-15 09:15:14.252	    7f8e0bbd3740	WARN 	daemon	src/daemon/executor.cpp:62	Monero 'Wolfram Warptangent' (v0.10.2.1-release) Daemonised
2017-03-15 09:15:14.252	    7f8e0bbd3740	INFO 	global	src/daemon/protocol.h:55	Initializing cryptonote protocol...
2017-03-15 09:15:14.252	    7f8e0bbd3740	INFO 	global	src/daemon/protocol.h:60	Cryptonote protocol initialized OK
2017-03-15 09:15:14.261	    7f8e0bbd3740	INFO 	global	src/daemon/p2p.h:63	Initializing p2p server...
2017-03-15 09:15:14.262	    7f8e0bbd3740	INFO 	global	src/daemon/p2p.h:68	P2p server initialized OK
2017-03-15 09:15:14.262	    7f8e0bbd3740	INFO 	global	src/daemon/rpc.h:58	Initializing core rpc server...
2017-03-15 09:15:14.262	    7f8e0bbd3740	INFO 	global	contrib/epee/include/net/http_server_impl_base.h:70	Binding on 127.0.0.1:28081
2017-03-15 09:15:14.262	    7f8e0bbd3740	INFO 	global	src/daemon/rpc.h:63	Core rpc server initialized OK on port: 28081
2017-03-15 09:15:14.262	    7f8e0bbd3740	INFO 	global	src/daemon/core.h:73	Initializing core...
2017-03-15 09:15:14.262	    7f8e0bbd3740	INFO 	global	src/cryptonote_core/cryptonote_core.cpp:316	Loading blockchain from folder /data/node-1/lmdb ...
2017-03-15 09:15:14.264	    7f8e0bbd3740	WARN 	blockchain.db.lmdb	src/blockchain_db/lmdb/db_lmdb.cpp:71	Error attempting to retrieve a hard fork version at height 0 from the db: MDB_NOTFOUND: No matching key/data pair found
2017-03-15 09:15:14.264	    7f8e0bbd3740	INFO 	stacktrace	src/common/stack_trace.cpp:119	Exception: cryptonote::DB_ERROR
2017-03-15 09:15:14.264	    7f8e0bbd3740	INFO 	stacktrace	src/common/stack_trace.cpp:120	Unwound call stack:
2017-03-15 09:15:14.267	    7f8e0bbd3740	INFO 	stacktrace	src/common/stack_trace.cpp:158	    [1] /usr/bin/monerod() [0x74c46f]
2017-03-15 09:15:14.267	    7f8e0bbd3740	INFO 	stacktrace	src/common/stack_trace.cpp:158	    [2] /usr/bin/monerod:cryptonote::BlockchainLMDB::get_hard_fork_version(unsigned long) const+0x34f [0x7000cf]
2017-03-15 09:15:14.267	    7f8e0bbd3740	INFO 	stacktrace	src/common/stack_trace.cpp:158	    [3] /usr/bin/monerod:cryptonote::HardFork::init()+0x11c [0x6edc5c]
2017-03-15 09:15:14.267	    7f8e0bbd3740	INFO 	stacktrace	src/common/stack_trace.cpp:158	    [4] /usr/bin/monerod:cryptonote::Blockchain::init(cryptonote::BlockchainDB*, bool, cryptonote::test_options const*)+0x1a6 [0x6bb3d6]
2017-03-15 09:15:14.267	    7f8e0bbd3740	INFO 	stacktrace	src/common/stack_trace.cpp:158	    [5] /usr/bin/monerod:cryptonote::core::init(boost::program_options::variables_map const&, cryptonote::test_options const*)+0x1311 [0x659e71]
2017-03-15 09:15:14.267	    7f8e0bbd3740	INFO 	stacktrace	src/common/stack_trace.cpp:158	    [6] /usr/bin/monerod:daemonize::t_daemon::run(bool)+0x1fe [0x5baa6e]
2017-03-15 09:15:14.267	    7f8e0bbd3740	INFO 	stacktrace	src/common/stack_trace.cpp:158	    [7] /usr/bin/monerod:main+0x191a [0x58282a]
2017-03-15 09:15:14.267	    7f8e0bbd3740	INFO 	stacktrace	src/common/stack_trace.cpp:158	    [8] /lib/x86_64-linux-gnu/libc.so.6:__libc_start_main+0xf0 [0x7f8e0aee3830]
2017-03-15 09:15:14.267	    7f8e0bbd3740	INFO 	stacktrace	src/common/stack_trace.cpp:158	    [9] /usr/bin/monerod:_start+0x29 [0x590509]
2017-03-15 09:15:14.267	    7f8e0bbd3740	INFO 	stacktrace	src/common/stack_trace.cpp:158	
2017-03-15 09:15:14.645	    7f8e0bbd3740	INFO 	global	src/daemon/core.h:78	Core initialized OK
2017-03-15 09:15:14.645	    7f8e0bbd3740	INFO 	global	src/daemon/rpc.h:68	Starting core rpc server...
2017-03-15 09:15:14.646	[SRV_MAIN]	INFO 	global	src/daemon/rpc.h:73	Core rpc server started ok
2017-03-15 09:15:14.646	[SRV_MAIN]	INFO 	global	src/daemon/p2p.h:78	Starting p2p net loop...
2017-03-15 09:15:15.628	[P2P2]	INFO 	global	src/cryptonote_protocol/cryptonote_protocol_handler.inl:1106	[1;33m
**********************************************************************
You are now synchronized with the network. You may now start monero-wallet-cli.

Use the "help" command to see the list of available commands.
**********************************************************************[0m
2017-03-15 09:15:15.646	[P2P8]	INFO 	global	src/cryptonote_core/cryptonote_core.cpp:1065	[1;33m
**********************************************************************
The daemon will start synchronizing with the network. It may take up to several hours.

You can set the level of process detailization* through "set_log <level|categories>" command*,
where <level> is between 0 (no details) and 4 (very verbose), or custom category based levels (eg, *:WARNING)

Use the "help" command to see the list of available commands.
**********************************************************************
[0m
2017-03-15 09:15:15.646	[P2P8]	WARN 	global	src/cryptonote_core/cryptonote_core.cpp:1089	[1;31m**********************************************************************[0m
2017-03-15 09:15:15.646	[P2P8]	WARN 	global	src/cryptonote_core/cryptonote_core.cpp:1090	[1;31mLast scheduled hard fork time shows a daemon update is needed now.[0m
2017-03-15 09:15:15.646	[P2P8]	WARN 	global	src/cryptonote_core/cryptonote_core.cpp:1091	[1;31m**********************************************************************[0m
2017-03-15 10:53:02.938	    7f993144d740	INFO 	global	contrib/epee/src/mlog.cpp:145	New log categories: *:WARNING,net:FATAL,net.p2p:FATAL,global:INFO,verify:FATAL,stacktrace:INFO
2017-03-15 10:53:02.938	    7f993144d740	INFO 	global	contrib/epee/src/mlog.cpp:153	New log categories: *:WARNING,net:FATAL,net.p2p:FATAL,global:INFO,verify:FATAL,stacktrace:INFO
2017-03-15 10:53:02.938	    7f993144d740	INFO 	global	src/daemon/main.cpp:282	Monero 'Wolfram Warptangent' (v0.10.2.1-release)
2017-03-15 10:53:02.939	    7f993144d740	WARN 	daemon	src/daemon/executor.cpp:62	Monero 'Wolfram Warptangent' (v0.10.2.1-release) Daemonised
2017-03-15 10:53:02.939	    7f993144d740	INFO 	global	src/daemon/protocol.h:55	Initializing cryptonote protocol...
2017-03-15 10:53:02.939	    7f993144d740	INFO 	global	src/daemon/protocol.h:60	Cryptonote protocol initialized OK
2017-03-15 10:53:02.940	    7f993144d740	INFO 	global	src/daemon/p2p.h:63	Initializing p2p server...
2017-03-15 10:53:02.940	    7f993144d740	INFO 	global	src/daemon/p2p.h:68	P2p server initialized OK
2017-03-15 10:53:02.940	    7f993144d740	INFO 	global	src/daemon/rpc.h:58	Initializing core rpc server...
2017-03-15 10:53:02.940	    7f993144d740	INFO 	global	contrib/epee/include/net/http_server_impl_base.h:70	Binding on 127.0.0.1:28081
2017-03-15 10:53:02.940	    7f993144d740	INFO 	global	src/daemon/rpc.h:63	Core rpc server initialized OK on port: 28081
2017-03-15 10:53:02.940	    7f993144d740	INFO 	global	src/daemon/core.h:73	Initializing core...
2017-03-15 10:53:02.940	    7f993144d740	INFO 	global	src/cryptonote_core/cryptonote_core.cpp:316	Loading blockchain from folder /data/node-1/lmdb ...
2017-03-15 10:53:02.942	    7f993144d740	INFO 	global	src/daemon/core.h:78	Core initialized OK
2017-03-15 10:53:02.942	    7f993144d740	INFO 	global	src/daemon/rpc.h:68	Starting core rpc server...
2017-03-15 10:53:02.942	[SRV_MAIN]	INFO 	global	src/daemon/rpc.h:73	Core rpc server started ok
2017-03-15 10:53:02.942	[SRV_MAIN]	INFO 	global	src/daemon/p2p.h:78	Starting p2p net loop...
2017-03-15 10:53:03.943	[P2P0]	INFO 	global	src/cryptonote_core/cryptonote_core.cpp:1065	[1;33m
**********************************************************************
The daemon will start synchronizing with the network. It may take up to several hours.

You can set the level of process detailization* through "set_log <level|categories>" command*,
where <level> is between 0 (no details) and 4 (very verbose), or custom category based levels (eg, *:WARNING)

Use the "help" command to see the list of available commands.
**********************************************************************
[0m
2017-03-15 10:53:03.943	[P2P0]	WARN 	global	src/cryptonote_core/cryptonote_core.cpp:1089	[1;31m**********************************************************************[0m
2017-03-15 10:53:03.943	[P2P0]	WARN 	global	src/cryptonote_core/cryptonote_core.cpp:1090	[1;31mLast scheduled hard fork time shows a daemon update is needed now.[0m
2017-03-15 10:53:03.943	[P2P0]	WARN 	global	src/cryptonote_core/cryptonote_core.cpp:1091	[1;31m**********************************************************************[0m
2017-03-15 10:53:03.958	[P2P3]	INFO 	global	src/cryptonote_protocol/cryptonote_protocol_handler.inl:1106	[1;33m
**********************************************************************
You are now synchronized with the network. You may now start monero-wallet-cli.

Use the "help" command to see the list of available commands.
**********************************************************************[0m
